w:\cpp\project\bpspusher\bpspusher\x64\debug\bpspusher.pch
w:\cpp\project\bpspusher\bpspusher\x64\debug\vc141.pdb
w:\cpp\project\bpspusher\bpspusher\x64\debug\vc141.idb
w:\cpp\project\bpspusher\bpspusher\x64\debug\pch.obj
w:\cpp\project\bpspusher\bpspusher\x64\debug\bpspusher.obj
w:\cpp\project\bpspusher\bpspusher\x64\debug\block.obj
w:\cpp\project\bpspusher\bpspusher\x64\debug\stylebox.obj
w:\cpp\project\bpspusher\bpspusher\x64\debug\plat.obj
w:\cpp\project\bpspusher\bpspusher\x64\debug\game.obj
w:\cpp\project\bpspusher\x64\debug\bpspusher.ilk
w:\cpp\project\bpspusher\x64\debug\bpspusher.exe
w:\cpp\project\bpspusher\x64\debug\bpspusher.pdb
w:\cpp\project\bpspusher\bpspusher\x64\debug\game.new.obj.enc
w:\cpp\project\bpspusher\bpspusher\x64\debug\game.obj.enc
w:\cpp\project\bpspusher\bpspusher\x64\debug\plat.obj.enc
w:\cpp\project\bpspusher\bpspusher\x64\debug\bpspusher.tlog\cl.command.1.tlog
w:\cpp\project\bpspusher\bpspusher\x64\debug\bpspusher.tlog\cl.read.1.tlog
w:\cpp\project\bpspusher\bpspusher\x64\debug\bpspusher.tlog\cl.write.1.tlog
w:\cpp\project\bpspusher\bpspusher\x64\debug\bpspusher.tlog\link.command.1.tlog
w:\cpp\project\bpspusher\bpspusher\x64\debug\bpspusher.tlog\link.read.1.tlog
w:\cpp\project\bpspusher\bpspusher\x64\debug\bpspusher.tlog\link.write.1.tlog
